<?xml version="1.0" encoding="UTF-8"?>
<!-- Generated by org.testng.reporters.JUnitReportReporter -->
<testsuite skipped="0" hostname="LAPTOP-4A762PS0" name="qaclickacademy.SeleniumTest" tests="2" failures="0" timestamp="2022-12-06T17:53:50 IST" time="0.002" errors="0">
  <testcase name="BrowserAUtomation" time="0.001" classname="qaclickacademy.SeleniumTest"/>
  <system-out/>
  <testcase name="elementsUi" time="0.001" classname="qaclickacademy.SeleniumTest"/>
  <system-out/>
</testsuite> <!-- qaclickacademy.SeleniumTest -->
